Using launch settings from C:\Users\rofli\iCloudDrive\Source\NuGetInspectorApp\NuGetInspectorApp\Properties\launchSettings.json...

=== Project: Regions.DigitalChannels.Shared.csproj ===

Framework: net462

• Autofac (5.2.0)
    Gallery URL: https://www.nuget.org/packages/Autofac/5.2.0
    Project URL: https://autofac.org/
    Requested: 5.2.0
    Latest:    8.3.0  (Outdated)
    Deprecated: No
    Vulnerabilities: None
    Supported frameworks & their dependencies:
      • .NETFramework4.6.1
          - Microsoft.Bcl.AsyncInterfaces [1.1.0, )
      • .NETStandard2.0
          - Microsoft.Bcl.AsyncInterfaces [1.1.0, )
      • .NETStandard2.1
          (none)

• Autofac.Extensions.DependencyInjection (6.0.0)
    Gallery URL: https://www.nuget.org/packages/Autofac.Extensions.DependencyInjection/6.0.0
    Project URL: https://autofac.org/
    Requested: 6.0.0
    Latest:    10.0.0  (Outdated)
    Deprecated: No
    Vulnerabilities: None
    Supported frameworks & their dependencies:
      • .NETStandard2.0
          - Autofac [5.0.0, )
          - Microsoft.Bcl.AsyncInterfaces [1.1.0, )
          - Microsoft.Extensions.DependencyInjection.Abstractions [2.1.0, )
      • .NETStandard2.1
          - Autofac [5.0.0, )
          - Microsoft.Extensions.DependencyInjection.Abstractions [2.1.0, )

• log4net (2.0.17)
    Gallery URL: https://www.nuget.org/packages/log4net/2.0.17
    Project URL: https://logging.apache.org/log4net/
    Requested: 2.0.17
    Latest:    3.1.0  (Outdated)
    Deprecated: No
    Vulnerabilities: None
    Supported frameworks & their dependencies:
      • .NETFramework2.0
          (none)
      • .NETFramework3.5
          (none)
      • .NETFramework4.0
          (none)
      • .NETFramework4.0-Client
          (none)
      • .NETFramework4.5
          (none)
      • .NETStandard1.3
          - NETStandard.Library [1.6.1, )
          - System.AppContext [4.3.0, )
          - System.Collections.NonGeneric [4.0.1, )
          - System.Console [4.3.0, )
          - System.Data.Common [4.1.0, )
          - System.Diagnostics.Debug [4.3.0, )
          - System.Diagnostics.Process [4.1.0, )
          - System.Diagnostics.StackTrace [4.0.1, )
          - System.Diagnostics.TraceSource [4.0.0, )
          - System.IO.FileSystem [4.3.0, )
          - System.IO.FileSystem.Watcher [4.0.0, )
          - System.Linq [4.3.0, )
          - System.Net.NameResolution [4.0.0, )
          - System.Net.Requests [4.0.11, )
          - System.Net.Sockets [4.3.0, )
          - System.Reflection [4.3.0, )
          - System.Reflection.Extensions [4.3.0, )
          - System.Reflection.TypeExtensions [4.1.0, )
          - System.Runtime.Extensions [4.3.1, )
          - System.Runtime.InteropServices [4.3.0, )
          - System.Runtime.InteropServices.RuntimeInformation [4.3.0, )
          - System.Runtime.Serialization.Formatters [4.3.0, )
          - System.Text.Encoding [4.3.0, )
          - System.Text.RegularExpressions [4.3.1, )
          - System.Threading [4.3.0, )
          - System.Threading.Thread [4.0.0, )
          - System.Threading.Timer [4.3.0, )
          - System.Xml.ReaderWriter [4.3.0, )
          - System.Xml.XmlDocument [4.0.1, )
      • .NETStandard2.0
          - System.Configuration.ConfigurationManager [4.5.0, )

• Microsoft.AspNetCore.Http.Abstractions (2.2.0)
    Gallery URL: https://www.nuget.org/packages/Microsoft.AspNetCore.Http.Abstractions/2.2.0
    Project URL: https://asp.net/
    Requested: 2.2.0
    Latest:    2.3.0  (Outdated)
    Deprecated: No
    Vulnerabilities: None
    Supported frameworks & their dependencies:
      • .NETStandard2.0
          - Microsoft.AspNetCore.Http.Features [2.2.0, )
          - System.Text.Encodings.Web [4.5.0, )

• Microsoft.AspNetCore.SignalR.Client (7.0.1)
    Gallery URL: https://www.nuget.org/packages/Microsoft.AspNetCore.SignalR.Client/7.0.1
    Project URL: https://asp.net/
    Requested: 7.0.1
    Latest:    9.0.6  (Outdated)
    Deprecated: No
    Vulnerabilities: None
    Supported frameworks & their dependencies:
      • .NETFramework4.6.2
          - Microsoft.AspNetCore.SignalR.Client.Core [7.0.1, )
          - Microsoft.AspNetCore.Http.Connections.Client [7.0.1, )
      • net7.0
          - Microsoft.AspNetCore.SignalR.Client.Core [7.0.1, )
          - Microsoft.AspNetCore.Http.Connections.Client [7.0.1, )
      • .NETStandard2.0
          - Microsoft.AspNetCore.SignalR.Client.Core [7.0.1, )
          - Microsoft.AspNetCore.Http.Connections.Client [7.0.1, )

• Microsoft.AspNetCore.SignalR.Protocols.NewtonsoftJson (7.0.1)
    Gallery URL: https://www.nuget.org/packages/Microsoft.AspNetCore.SignalR.Protocols.NewtonsoftJson/7.0.1
    Project URL: https://asp.net/
    Requested: 7.0.1
    Latest:    9.0.6  (Outdated)
    Deprecated: No
    Vulnerabilities: None
    Supported frameworks & their dependencies:
      • .NETFramework4.6.2
          - Microsoft.AspNetCore.SignalR.Common [7.0.1, )
          - Newtonsoft.Json [13.0.1, )
      • net7.0
          - Microsoft.AspNetCore.SignalR.Common [7.0.1, )
          - Newtonsoft.Json [13.0.1, )
      • .NETStandard2.0
          - Microsoft.AspNetCore.SignalR.Common [7.0.1, )
          - Newtonsoft.Json [13.0.1, )

• Microsoft.Data.SqlClient (4.1.1)
    Gallery URL: https://www.nuget.org/packages/Microsoft.Data.SqlClient/4.1.1
    Project URL: https://aka.ms/sqlclientproject
    Requested: 4.1.1
    Latest:    6.0.2  (Outdated)
    Deprecated: No
    Vulnerabilities: None
    Supported frameworks & their dependencies:
      • .NETFramework4.6.1
          - Microsoft.Data.SqlClient.SNI [4.0.1, )
          - Azure.Identity [1.3.0, )
          - Microsoft.Identity.Client [4.22.0, )
          - Microsoft.IdentityModel.JsonWebTokens [6.8.0, )
          - Microsoft.IdentityModel.Protocols.OpenIdConnect [6.8.0, )
          - System.Buffers [4.5.1, )
          - System.Configuration.ConfigurationManager [5.0.0, )
          - System.IO [4.3.0, )
          - System.Runtime.InteropServices.RuntimeInformation [4.3.0, )
          - System.Security.Cryptography.Algorithms [4.3.1, )
          - System.Security.Cryptography.Primitives [4.3.0, )
          - System.Text.Encodings.Web [4.7.2, )
      • .NETCoreApp3.1
          - Microsoft.Data.SqlClient.SNI.runtime [4.0.1, )
          - Azure.Identity [1.3.0, )
          - Microsoft.Identity.Client [4.22.0, )
          - Microsoft.IdentityModel.Protocols.OpenIdConnect [6.8.0, )
          - Microsoft.IdentityModel.JsonWebTokens [6.8.0, )
          - Microsoft.Win32.Registry [5.0.0, )
          - System.Buffers [4.5.1, )
          - System.Configuration.ConfigurationManager [5.0.0, )
          - System.Diagnostics.DiagnosticSource [5.0.0, )
          - System.IO [4.3.0, )
          - System.Runtime.Caching [5.0.0, )
          - System.Text.Encoding.CodePages [5.0.0, )
          - System.Text.Encodings.Web [4.7.2, )
          - System.Resources.ResourceManager [4.3.0, )
          - System.Security.Cryptography.Cng [5.0.0, )
          - System.Security.Principal.Windows [5.0.0, )
      • .NETStandard2.0
          - Microsoft.Data.SqlClient.SNI.runtime [4.0.1, )
          - Azure.Identity [1.3.0, )
          - Microsoft.Identity.Client [4.22.0, )
          - Microsoft.IdentityModel.Protocols.OpenIdConnect [6.8.0, )
          - Microsoft.IdentityModel.JsonWebTokens [6.8.0, )
          - Microsoft.Win32.Registry [5.0.0, )
          - System.Buffers [4.5.1, )
          - System.Configuration.ConfigurationManager [5.0.0, )
          - System.IO [4.3.0, )
          - System.Runtime.Caching [5.0.0, )
          - System.Text.Encoding.CodePages [5.0.0, )
          - System.Text.Encodings.Web [4.7.2, )
          - System.Runtime.Loader [4.3.0, )
          - System.Resources.ResourceManager [4.3.0, )
          - System.Security.Cryptography.Cng [5.0.0, )
          - System.Security.Principal.Windows [5.0.0, )
      • .NETStandard2.1
          - Microsoft.Data.SqlClient.SNI.runtime [4.0.1, )
          - Azure.Identity [1.3.0, )
          - Microsoft.Identity.Client [4.22.0, )
          - Microsoft.IdentityModel.Protocols.OpenIdConnect [6.8.0, )
          - Microsoft.IdentityModel.JsonWebTokens [6.8.0, )
          - Microsoft.Win32.Registry [5.0.0, )
          - System.Buffers [4.5.1, )
          - System.Configuration.ConfigurationManager [5.0.0, )
          - System.IO [4.3.0, )
          - System.Runtime.Caching [5.0.0, )
          - System.Text.Encoding.CodePages [5.0.0, )
          - System.Text.Encodings.Web [4.7.2, )
          - System.Runtime.Loader [4.3.0, )
          - System.Resources.ResourceManager [4.3.0, )
          - System.Security.Cryptography.Cng [5.0.0, )
          - System.Security.Principal.Windows [5.0.0, )

• Microsoft.Extensions.Http (7.0.0)
    Gallery URL: https://www.nuget.org/packages/Microsoft.Extensions.Http/7.0.0
    Project URL: https://dot.net/
    Requested: 7.0.0
    Latest:    9.0.6  (Outdated)
    Deprecated: No
    Vulnerabilities: None
    Supported frameworks & their dependencies:
      • .NETFramework4.6.2
          - Microsoft.Extensions.DependencyInjection.Abstractions [7.0.0, )
          - Microsoft.Extensions.Logging.Abstractions [7.0.0, )
          - Microsoft.Extensions.Logging [7.0.0, )
          - Microsoft.Extensions.Options [7.0.0, )
      • net6.0
          - Microsoft.Extensions.DependencyInjection.Abstractions [7.0.0, )
          - Microsoft.Extensions.Logging.Abstractions [7.0.0, )
          - Microsoft.Extensions.Logging [7.0.0, )
          - Microsoft.Extensions.Options [7.0.0, )
      • net7.0
          - Microsoft.Extensions.DependencyInjection.Abstractions [7.0.0, )
          - Microsoft.Extensions.Logging.Abstractions [7.0.0, )
          - Microsoft.Extensions.Logging [7.0.0, )
          - Microsoft.Extensions.Options [7.0.0, )
      • .NETStandard2.0
          - Microsoft.Extensions.DependencyInjection.Abstractions [7.0.0, )
          - Microsoft.Extensions.Logging.Abstractions [7.0.0, )
          - Microsoft.Extensions.Logging [7.0.0, )
          - Microsoft.Extensions.Options [7.0.0, )

• Microsoft.Extensions.Logging.Abstractions (7.0.1)
    Gallery URL: https://www.nuget.org/packages/Microsoft.Extensions.Logging.Abstractions/7.0.1
    Project URL: https://dot.net/
    Requested: 7.0.1
    Latest:    9.0.6  (Outdated)
    Deprecated: No
    Vulnerabilities: None
    Supported frameworks & their dependencies:
      • .NETFramework4.6.2
          - System.Buffers [4.5.1, )
          - System.Memory [4.5.5, )
      • net6.0
          (none)
      • net7.0
          (none)
      • .NETStandard2.0
          - System.Buffers [4.5.1, )
          - System.Memory [4.5.5, )

• Microsoft.Extensions.Options (7.0.1)
    Gallery URL: https://www.nuget.org/packages/Microsoft.Extensions.Options/7.0.1
    Project URL: https://dot.net/
    Requested: 7.0.1
    Latest:    9.0.6  (Outdated)
    Deprecated: No
    Vulnerabilities: None
    Supported frameworks & their dependencies:
      • .NETFramework4.6.2
          - Microsoft.Extensions.DependencyInjection.Abstractions [7.0.0, )
          - Microsoft.Extensions.Primitives [7.0.0, )
      • net6.0
          - Microsoft.Extensions.DependencyInjection.Abstractions [7.0.0, )
          - Microsoft.Extensions.Primitives [7.0.0, )
      • net7.0
          - Microsoft.Extensions.DependencyInjection.Abstractions [7.0.0, )
          - Microsoft.Extensions.Primitives [7.0.0, )
      • .NETStandard2.0
          - Microsoft.Extensions.DependencyInjection.Abstractions [7.0.0, )
          - Microsoft.Extensions.Primitives [7.0.0, )
          - System.ComponentModel.Annotations [5.0.0, )
      • .NETStandard2.1
          - Microsoft.Extensions.DependencyInjection.Abstractions [7.0.0, )
          - Microsoft.Extensions.Primitives [7.0.0, )

• Microsoft.Extensions.Options.ConfigurationExtensions (7.0.0)
    Gallery URL: https://www.nuget.org/packages/Microsoft.Extensions.Options.ConfigurationExtensions/7.0.0
    Project URL: https://dot.net/
    Requested: 7.0.0
    Latest:    9.0.6  (Outdated)
    Deprecated: No
    Vulnerabilities: None
    Supported frameworks & their dependencies:
      • .NETFramework4.6.2
          - Microsoft.Extensions.Configuration.Abstractions [7.0.0, )
          - Microsoft.Extensions.Configuration.Binder [7.0.0, )
          - Microsoft.Extensions.DependencyInjection.Abstractions [7.0.0, )
          - Microsoft.Extensions.Options [7.0.0, )
          - Microsoft.Extensions.Primitives [7.0.0, )
      • net6.0
          - Microsoft.Extensions.Configuration.Abstractions [7.0.0, )
          - Microsoft.Extensions.Configuration.Binder [7.0.0, )
          - Microsoft.Extensions.DependencyInjection.Abstractions [7.0.0, )
          - Microsoft.Extensions.Options [7.0.0, )
          - Microsoft.Extensions.Primitives [7.0.0, )
      • net7.0
          - Microsoft.Extensions.Configuration.Abstractions [7.0.0, )
          - Microsoft.Extensions.Configuration.Binder [7.0.0, )
          - Microsoft.Extensions.DependencyInjection.Abstractions [7.0.0, )
          - Microsoft.Extensions.Options [7.0.0, )
          - Microsoft.Extensions.Primitives [7.0.0, )
      • .NETStandard2.0
          - Microsoft.Extensions.Configuration.Abstractions [7.0.0, )
          - Microsoft.Extensions.Configuration.Binder [7.0.0, )
          - Microsoft.Extensions.DependencyInjection.Abstractions [7.0.0, )
          - Microsoft.Extensions.Options [7.0.0, )
          - Microsoft.Extensions.Primitives [7.0.0, )

• System.Configuration.ConfigurationManager (7.0.0)
    Gallery URL: https://www.nuget.org/packages/System.Configuration.ConfigurationManager/7.0.0
    Project URL: https://dot.net/
    Requested: 7.0.0
    Latest:    9.0.6  (Outdated)
    Deprecated: No
    Vulnerabilities: None
    Supported frameworks & their dependencies:
      • .NETFramework4.6.2
          - System.Security.Permissions [7.0.0, )
      • net6.0
          - System.Security.Cryptography.ProtectedData [7.0.0, )
          - System.Security.Permissions [7.0.0, )
      • net7.0
          - System.Diagnostics.EventLog [7.0.0, )
          - System.Security.Cryptography.ProtectedData [7.0.0, )
          - System.Security.Permissions [7.0.0, )
      • .NETStandard2.0
          - System.Security.Cryptography.ProtectedData [7.0.0, )
          - System.Security.Permissions [7.0.0, )

Transitive packages:
 • Azure.Core (1.6.0)
 • Azure.Identity (1.3.0)
 • Microsoft.AspNetCore.Connections.Abstractions (7.0.1)
 • Microsoft.AspNetCore.Http.Connections.Client (7.0.1)
 • Microsoft.AspNetCore.Http.Connections.Common (7.0.1)
 • Microsoft.AspNetCore.Http.Features (2.2.0)
 • Microsoft.AspNetCore.SignalR.Client.Core (7.0.1)
 • Microsoft.AspNetCore.SignalR.Common (7.0.1)
 • Microsoft.AspNetCore.SignalR.Protocols.Json (7.0.1)
 • Microsoft.Bcl.AsyncInterfaces (7.0.0)
 • Microsoft.Data.SqlClient.SNI (4.0.1)
 • Microsoft.Extensions.Configuration.Abstractions (7.0.0)
 • Microsoft.Extensions.Configuration.Binder (7.0.0)
 • Microsoft.Extensions.DependencyInjection (7.0.0)
 • Microsoft.Extensions.DependencyInjection.Abstractions (7.0.0)
 • Microsoft.Extensions.Features (7.0.1)
 • Microsoft.Extensions.Logging (7.0.0)
 • Microsoft.Extensions.Primitives (7.0.0)
 • Microsoft.Identity.Client (4.22.0)
 • Microsoft.Identity.Client.Extensions.Msal (2.16.5)
 • Microsoft.IdentityModel.JsonWebTokens (6.8.0)
 • Microsoft.IdentityModel.Logging (6.8.0)
 • Microsoft.IdentityModel.Protocols (6.8.0)
 • Microsoft.IdentityModel.Protocols.OpenIdConnect (6.8.0)
 • Microsoft.IdentityModel.Tokens (6.8.0)
 • System.Buffers (4.5.1)
 • System.Diagnostics.DiagnosticSource (7.0.0)
 • System.IdentityModel.Tokens.Jwt (6.8.0)
 • System.IO.Pipelines (7.0.0)
 • System.Memory (4.5.5)
 • System.Numerics.Vectors (4.5.0)
 • System.Runtime.CompilerServices.Unsafe (6.0.0)
 • System.Security.AccessControl (6.0.0)
 • System.Security.Cryptography.ProtectedData (4.5.0)
 • System.Security.Cryptography.X509Certificates (4.3.0)
 • System.Security.Permissions (7.0.0)
 • System.Text.Encodings.Web (7.0.0)
 • System.Text.Json (7.0.1)
 • System.Threading.Channels (7.0.0)
 • System.Threading.Tasks.Extensions (4.5.4)
 • System.ValueTuple (4.5.0)
------------------------------------------------------------
Framework: netstandard2.0

• Autofac (5.2.0)
    Gallery URL: https://www.nuget.org/packages/Autofac/5.2.0
    Project URL: https://autofac.org/
    Requested: 5.2.0
    Latest:    8.3.0  (Outdated)
    Deprecated: No
    Vulnerabilities: None
    Supported frameworks & their dependencies:
      • .NETFramework4.6.1
          - Microsoft.Bcl.AsyncInterfaces [1.1.0, )
      • .NETStandard2.0
          - Microsoft.Bcl.AsyncInterfaces [1.1.0, )
      • .NETStandard2.1
          (none)

• Autofac.Extensions.DependencyInjection (6.0.0)
    Gallery URL: https://www.nuget.org/packages/Autofac.Extensions.DependencyInjection/6.0.0
    Project URL: https://autofac.org/
    Requested: 6.0.0
    Latest:    10.0.0  (Outdated)
    Deprecated: No
    Vulnerabilities: None
    Supported frameworks & their dependencies:
      • .NETStandard2.0
          - Autofac [5.0.0, )
          - Microsoft.Bcl.AsyncInterfaces [1.1.0, )
          - Microsoft.Extensions.DependencyInjection.Abstractions [2.1.0, )
      • .NETStandard2.1
          - Autofac [5.0.0, )
          - Microsoft.Extensions.DependencyInjection.Abstractions [2.1.0, )

• log4net (2.0.17)
    Gallery URL: https://www.nuget.org/packages/log4net/2.0.17
    Project URL: https://logging.apache.org/log4net/
    Requested: 2.0.17
    Latest:    3.1.0  (Outdated)
    Deprecated: No
    Vulnerabilities: None
    Supported frameworks & their dependencies:
      • .NETFramework2.0
          (none)
      • .NETFramework3.5
          (none)
      • .NETFramework4.0
          (none)
      • .NETFramework4.0-Client
          (none)
      • .NETFramework4.5
          (none)
      • .NETStandard1.3
          - NETStandard.Library [1.6.1, )
          - System.AppContext [4.3.0, )
          - System.Collections.NonGeneric [4.0.1, )
          - System.Console [4.3.0, )
          - System.Data.Common [4.1.0, )
          - System.Diagnostics.Debug [4.3.0, )
          - System.Diagnostics.Process [4.1.0, )
          - System.Diagnostics.StackTrace [4.0.1, )
          - System.Diagnostics.TraceSource [4.0.0, )
          - System.IO.FileSystem [4.3.0, )
          - System.IO.FileSystem.Watcher [4.0.0, )
          - System.Linq [4.3.0, )
          - System.Net.NameResolution [4.0.0, )
          - System.Net.Requests [4.0.11, )
          - System.Net.Sockets [4.3.0, )
          - System.Reflection [4.3.0, )
          - System.Reflection.Extensions [4.3.0, )
          - System.Reflection.TypeExtensions [4.1.0, )
          - System.Runtime.Extensions [4.3.1, )
          - System.Runtime.InteropServices [4.3.0, )
          - System.Runtime.InteropServices.RuntimeInformation [4.3.0, )
          - System.Runtime.Serialization.Formatters [4.3.0, )
          - System.Text.Encoding [4.3.0, )
          - System.Text.RegularExpressions [4.3.1, )
          - System.Threading [4.3.0, )
          - System.Threading.Thread [4.0.0, )
          - System.Threading.Timer [4.3.0, )
          - System.Xml.ReaderWriter [4.3.0, )
          - System.Xml.XmlDocument [4.0.1, )
      • .NETStandard2.0
          - System.Configuration.ConfigurationManager [4.5.0, )

• Microsoft.AspNetCore.Http.Abstractions (2.2.0)
    Gallery URL: https://www.nuget.org/packages/Microsoft.AspNetCore.Http.Abstractions/2.2.0
    Project URL: https://asp.net/
    Requested: 2.2.0
    Latest:    2.3.0  (Outdated)
    Deprecated: No
    Vulnerabilities: None
    Supported frameworks & their dependencies:
      • .NETStandard2.0
          - Microsoft.AspNetCore.Http.Features [2.2.0, )
          - System.Text.Encodings.Web [4.5.0, )

• Microsoft.AspNetCore.SignalR.Client (7.0.1)
    Gallery URL: https://www.nuget.org/packages/Microsoft.AspNetCore.SignalR.Client/7.0.1
    Project URL: https://asp.net/
    Requested: 7.0.1
    Latest:    9.0.6  (Outdated)
    Deprecated: No
    Vulnerabilities: None
    Supported frameworks & their dependencies:
      • .NETFramework4.6.2
          - Microsoft.AspNetCore.SignalR.Client.Core [7.0.1, )
          - Microsoft.AspNetCore.Http.Connections.Client [7.0.1, )
      • net7.0
          - Microsoft.AspNetCore.SignalR.Client.Core [7.0.1, )
          - Microsoft.AspNetCore.Http.Connections.Client [7.0.1, )
      • .NETStandard2.0
          - Microsoft.AspNetCore.SignalR.Client.Core [7.0.1, )
          - Microsoft.AspNetCore.Http.Connections.Client [7.0.1, )

• Microsoft.AspNetCore.SignalR.Protocols.NewtonsoftJson (7.0.1)
    Gallery URL: https://www.nuget.org/packages/Microsoft.AspNetCore.SignalR.Protocols.NewtonsoftJson/7.0.1
    Project URL: https://asp.net/
    Requested: 7.0.1
    Latest:    9.0.6  (Outdated)
    Deprecated: No
    Vulnerabilities: None
    Supported frameworks & their dependencies:
      • .NETFramework4.6.2
          - Microsoft.AspNetCore.SignalR.Common [7.0.1, )
          - Newtonsoft.Json [13.0.1, )
      • net7.0
          - Microsoft.AspNetCore.SignalR.Common [7.0.1, )
          - Newtonsoft.Json [13.0.1, )
      • .NETStandard2.0
          - Microsoft.AspNetCore.SignalR.Common [7.0.1, )
          - Newtonsoft.Json [13.0.1, )

• Microsoft.Data.SqlClient (4.1.1)
    Gallery URL: https://www.nuget.org/packages/Microsoft.Data.SqlClient/4.1.1
    Project URL: https://aka.ms/sqlclientproject
    Requested: 4.1.1
    Latest:    6.0.2  (Outdated)
    Deprecated: No
    Vulnerabilities: None
    Supported frameworks & their dependencies:
      • .NETFramework4.6.1
          - Microsoft.Data.SqlClient.SNI [4.0.1, )
          - Azure.Identity [1.3.0, )
          - Microsoft.Identity.Client [4.22.0, )
          - Microsoft.IdentityModel.JsonWebTokens [6.8.0, )
          - Microsoft.IdentityModel.Protocols.OpenIdConnect [6.8.0, )
          - System.Buffers [4.5.1, )
          - System.Configuration.ConfigurationManager [5.0.0, )
          - System.IO [4.3.0, )
          - System.Runtime.InteropServices.RuntimeInformation [4.3.0, )
          - System.Security.Cryptography.Algorithms [4.3.1, )
          - System.Security.Cryptography.Primitives [4.3.0, )
          - System.Text.Encodings.Web [4.7.2, )
      • .NETCoreApp3.1
          - Microsoft.Data.SqlClient.SNI.runtime [4.0.1, )
          - Azure.Identity [1.3.0, )
          - Microsoft.Identity.Client [4.22.0, )
          - Microsoft.IdentityModel.Protocols.OpenIdConnect [6.8.0, )
          - Microsoft.IdentityModel.JsonWebTokens [6.8.0, )
          - Microsoft.Win32.Registry [5.0.0, )
          - System.Buffers [4.5.1, )
          - System.Configuration.ConfigurationManager [5.0.0, )
          - System.Diagnostics.DiagnosticSource [5.0.0, )
          - System.IO [4.3.0, )
          - System.Runtime.Caching [5.0.0, )
          - System.Text.Encoding.CodePages [5.0.0, )
          - System.Text.Encodings.Web [4.7.2, )
          - System.Resources.ResourceManager [4.3.0, )
          - System.Security.Cryptography.Cng [5.0.0, )
          - System.Security.Principal.Windows [5.0.0, )
      • .NETStandard2.0
          - Microsoft.Data.SqlClient.SNI.runtime [4.0.1, )
          - Azure.Identity [1.3.0, )
          - Microsoft.Identity.Client [4.22.0, )
          - Microsoft.IdentityModel.Protocols.OpenIdConnect [6.8.0, )
          - Microsoft.IdentityModel.JsonWebTokens [6.8.0, )
          - Microsoft.Win32.Registry [5.0.0, )
          - System.Buffers [4.5.1, )
          - System.Configuration.ConfigurationManager [5.0.0, )
          - System.IO [4.3.0, )
          - System.Runtime.Caching [5.0.0, )
          - System.Text.Encoding.CodePages [5.0.0, )
          - System.Text.Encodings.Web [4.7.2, )
          - System.Runtime.Loader [4.3.0, )
          - System.Resources.ResourceManager [4.3.0, )
          - System.Security.Cryptography.Cng [5.0.0, )
          - System.Security.Principal.Windows [5.0.0, )
      • .NETStandard2.1
          - Microsoft.Data.SqlClient.SNI.runtime [4.0.1, )
          - Azure.Identity [1.3.0, )
          - Microsoft.Identity.Client [4.22.0, )
          - Microsoft.IdentityModel.Protocols.OpenIdConnect [6.8.0, )
          - Microsoft.IdentityModel.JsonWebTokens [6.8.0, )
          - Microsoft.Win32.Registry [5.0.0, )
          - System.Buffers [4.5.1, )
          - System.Configuration.ConfigurationManager [5.0.0, )
          - System.IO [4.3.0, )
          - System.Runtime.Caching [5.0.0, )
          - System.Text.Encoding.CodePages [5.0.0, )
          - System.Text.Encodings.Web [4.7.2, )
          - System.Runtime.Loader [4.3.0, )
          - System.Resources.ResourceManager [4.3.0, )
          - System.Security.Cryptography.Cng [5.0.0, )
          - System.Security.Principal.Windows [5.0.0, )

• Microsoft.Extensions.Http (7.0.0)
    Gallery URL: https://www.nuget.org/packages/Microsoft.Extensions.Http/7.0.0
    Project URL: https://dot.net/
    Requested: 7.0.0
    Latest:    9.0.6  (Outdated)
    Deprecated: No
    Vulnerabilities: None
    Supported frameworks & their dependencies:
      • .NETFramework4.6.2
          - Microsoft.Extensions.DependencyInjection.Abstractions [7.0.0, )
          - Microsoft.Extensions.Logging.Abstractions [7.0.0, )
          - Microsoft.Extensions.Logging [7.0.0, )
          - Microsoft.Extensions.Options [7.0.0, )
      • net6.0
          - Microsoft.Extensions.DependencyInjection.Abstractions [7.0.0, )
          - Microsoft.Extensions.Logging.Abstractions [7.0.0, )
          - Microsoft.Extensions.Logging [7.0.0, )
          - Microsoft.Extensions.Options [7.0.0, )
      • net7.0
          - Microsoft.Extensions.DependencyInjection.Abstractions [7.0.0, )
          - Microsoft.Extensions.Logging.Abstractions [7.0.0, )
          - Microsoft.Extensions.Logging [7.0.0, )
          - Microsoft.Extensions.Options [7.0.0, )
      • .NETStandard2.0
          - Microsoft.Extensions.DependencyInjection.Abstractions [7.0.0, )
          - Microsoft.Extensions.Logging.Abstractions [7.0.0, )
          - Microsoft.Extensions.Logging [7.0.0, )
          - Microsoft.Extensions.Options [7.0.0, )

• Microsoft.Extensions.Logging.Abstractions (7.0.1)
    Gallery URL: https://www.nuget.org/packages/Microsoft.Extensions.Logging.Abstractions/7.0.1
    Project URL: https://dot.net/
    Requested: 7.0.1
    Latest:    9.0.6  (Outdated)
    Deprecated: No
    Vulnerabilities: None
    Supported frameworks & their dependencies:
      • .NETFramework4.6.2
          - System.Buffers [4.5.1, )
          - System.Memory [4.5.5, )
      • net6.0
          (none)
      • net7.0
          (none)
      • .NETStandard2.0
          - System.Buffers [4.5.1, )
          - System.Memory [4.5.5, )

• Microsoft.Extensions.Options (7.0.1)
    Gallery URL: https://www.nuget.org/packages/Microsoft.Extensions.Options/7.0.1
    Project URL: https://dot.net/
    Requested: 7.0.1
    Latest:    9.0.6  (Outdated)
    Deprecated: No
    Vulnerabilities: None
    Supported frameworks & their dependencies:
      • .NETFramework4.6.2
          - Microsoft.Extensions.DependencyInjection.Abstractions [7.0.0, )
          - Microsoft.Extensions.Primitives [7.0.0, )
      • net6.0
          - Microsoft.Extensions.DependencyInjection.Abstractions [7.0.0, )
          - Microsoft.Extensions.Primitives [7.0.0, )
      • net7.0
          - Microsoft.Extensions.DependencyInjection.Abstractions [7.0.0, )
          - Microsoft.Extensions.Primitives [7.0.0, )
      • .NETStandard2.0
          - Microsoft.Extensions.DependencyInjection.Abstractions [7.0.0, )
          - Microsoft.Extensions.Primitives [7.0.0, )
          - System.ComponentModel.Annotations [5.0.0, )
      • .NETStandard2.1
          - Microsoft.Extensions.DependencyInjection.Abstractions [7.0.0, )
          - Microsoft.Extensions.Primitives [7.0.0, )

• Microsoft.Extensions.Options.ConfigurationExtensions (7.0.0)
    Gallery URL: https://www.nuget.org/packages/Microsoft.Extensions.Options.ConfigurationExtensions/7.0.0
    Project URL: https://dot.net/
    Requested: 7.0.0
    Latest:    9.0.6  (Outdated)
    Deprecated: No
    Vulnerabilities: None
    Supported frameworks & their dependencies:
      • .NETFramework4.6.2
          - Microsoft.Extensions.Configuration.Abstractions [7.0.0, )
          - Microsoft.Extensions.Configuration.Binder [7.0.0, )
          - Microsoft.Extensions.DependencyInjection.Abstractions [7.0.0, )
          - Microsoft.Extensions.Options [7.0.0, )
          - Microsoft.Extensions.Primitives [7.0.0, )
      • net6.0
          - Microsoft.Extensions.Configuration.Abstractions [7.0.0, )
          - Microsoft.Extensions.Configuration.Binder [7.0.0, )
          - Microsoft.Extensions.DependencyInjection.Abstractions [7.0.0, )
          - Microsoft.Extensions.Options [7.0.0, )
          - Microsoft.Extensions.Primitives [7.0.0, )
      • net7.0
          - Microsoft.Extensions.Configuration.Abstractions [7.0.0, )
          - Microsoft.Extensions.Configuration.Binder [7.0.0, )
          - Microsoft.Extensions.DependencyInjection.Abstractions [7.0.0, )
          - Microsoft.Extensions.Options [7.0.0, )
          - Microsoft.Extensions.Primitives [7.0.0, )
      • .NETStandard2.0
          - Microsoft.Extensions.Configuration.Abstractions [7.0.0, )
          - Microsoft.Extensions.Configuration.Binder [7.0.0, )
          - Microsoft.Extensions.DependencyInjection.Abstractions [7.0.0, )
          - Microsoft.Extensions.Options [7.0.0, )
          - Microsoft.Extensions.Primitives [7.0.0, )

• System.Configuration.ConfigurationManager (7.0.0)
    Gallery URL: https://www.nuget.org/packages/System.Configuration.ConfigurationManager/7.0.0
    Project URL: https://dot.net/
    Requested: 7.0.0
    Latest:    9.0.6  (Outdated)
    Deprecated: No
    Vulnerabilities: None
    Supported frameworks & their dependencies:
      • .NETFramework4.6.2
          - System.Security.Permissions [7.0.0, )
      • net6.0
          - System.Security.Cryptography.ProtectedData [7.0.0, )
          - System.Security.Permissions [7.0.0, )
      • net7.0
          - System.Diagnostics.EventLog [7.0.0, )
          - System.Security.Cryptography.ProtectedData [7.0.0, )
          - System.Security.Permissions [7.0.0, )
      • .NETStandard2.0
          - System.Security.Cryptography.ProtectedData [7.0.0, )
          - System.Security.Permissions [7.0.0, )

Transitive packages:
 • Azure.Core (1.6.0)
 • Azure.Identity (1.3.0)
 • Microsoft.AspNetCore.Connections.Abstractions (7.0.1)
 • Microsoft.AspNetCore.Http.Connections.Client (7.0.1)
 • Microsoft.AspNetCore.Http.Connections.Common (7.0.1)
 • Microsoft.AspNetCore.Http.Features (2.2.0)
 • Microsoft.AspNetCore.SignalR.Client.Core (7.0.1)
 • Microsoft.AspNetCore.SignalR.Common (7.0.1)
 • Microsoft.AspNetCore.SignalR.Protocols.Json (7.0.1)
 • Microsoft.Bcl.AsyncInterfaces (7.0.0)
 • Microsoft.CSharp (4.5.0)
 • Microsoft.Data.SqlClient.SNI.runtime (4.0.1)
 • Microsoft.Extensions.Configuration.Abstractions (7.0.0)
 • Microsoft.Extensions.Configuration.Binder (7.0.0)
 • Microsoft.Extensions.DependencyInjection (7.0.0)
 • Microsoft.Extensions.DependencyInjection.Abstractions (7.0.0)
 • Microsoft.Extensions.Features (7.0.1)
 • Microsoft.Extensions.Logging (7.0.0)
 • Microsoft.Extensions.Primitives (7.0.0)
 • Microsoft.Identity.Client (4.22.0)
 • Microsoft.Identity.Client.Extensions.Msal (2.16.5)
 • Microsoft.IdentityModel.JsonWebTokens (6.8.0)
 • Microsoft.IdentityModel.Logging (6.8.0)
 • Microsoft.IdentityModel.Protocols (6.8.0)
 • Microsoft.IdentityModel.Protocols.OpenIdConnect (6.8.0)
 • Microsoft.IdentityModel.Tokens (6.8.0)
 • Microsoft.NETCore.Platforms (1.1.1)
 • Microsoft.NETCore.Targets (1.1.3)
 • runtime.debian.8-x64.runtime.native.System.Security.Cryptography.OpenSsl (4.3.2)
 • runtime.fedora.23-x64.runtime.native.System.Security.Cryptography.OpenSsl (4.3.2)
 • runtime.fedora.24-x64.runtime.native.System.Security.Cryptography.OpenSsl (4.3.2)
 • runtime.native.System (4.3.0)
 • runtime.native.System.Net.Http (4.3.0)
 • runtime.native.System.Security.Cryptography.Apple (4.3.0)
 • runtime.native.System.Security.Cryptography.OpenSsl (4.3.2)
 • runtime.opensuse.13.2-x64.runtime.native.System.Security.Cryptography.OpenSsl (4.3.2)
 • runtime.opensuse.42.1-x64.runtime.native.System.Security.Cryptography.OpenSsl (4.3.2)
 • runtime.osx.10.10-x64.runtime.native.System.Security.Cryptography.Apple (4.3.0)
 • runtime.osx.10.10-x64.runtime.native.System.Security.Cryptography.OpenSsl (4.3.2)
 • runtime.rhel.7-x64.runtime.native.System.Security.Cryptography.OpenSsl (4.3.2)
 • runtime.ubuntu.14.04-x64.runtime.native.System.Security.Cryptography.OpenSsl (4.3.2)
 • runtime.ubuntu.16.04-x64.runtime.native.System.Security.Cryptography.OpenSsl (4.3.2)
 • runtime.ubuntu.16.10-x64.runtime.native.System.Security.Cryptography.OpenSsl (4.3.2)
 • System.Buffers (4.5.1)
 • System.Diagnostics.DiagnosticSource (7.0.0)
 • System.IdentityModel.Tokens.Jwt (6.8.0)
 • System.IO.Pipelines (7.0.0)
 • System.Memory (4.5.5)
 • System.Net.Primitives (4.3.0)
 • System.Numerics.Vectors (4.5.0)
 • System.Reflection.Emit (4.3.0)
 • System.Reflection.Emit.ILGeneration (4.3.0)
 • System.Reflection.Emit.Lightweight (4.3.0)
 • System.Reflection.TypeExtensions (4.3.0)
 • System.Runtime (4.3.0)
 • System.Runtime.Caching (5.0.0)
 • System.Runtime.CompilerServices.Unsafe (6.0.0)
 • System.Runtime.Extensions (4.3.0)
 • System.Runtime.Serialization.Formatters (4.3.0)
 • System.Security.AccessControl (6.0.0)
 • System.Security.Cryptography.Algorithms (4.3.0)
 • System.Security.Cryptography.OpenSsl (4.3.0)
 • System.Security.Cryptography.ProtectedData (7.0.0)
 • System.Security.Cryptography.X509Certificates (4.3.0)
 • System.Security.Permissions (7.0.0)
 • System.Text.Encoding.CodePages (5.0.0)
 • System.Text.Encodings.Web (7.0.0)
 • System.Text.Json (7.0.1)
 • System.Text.RegularExpressions (4.3.0)
 • System.Threading.Channels (7.0.0)
 • System.Threading.Tasks.Extensions (4.5.4)
 • System.Xml.ReaderWriter (4.3.0)
------------------------------------------------------------
